0 verbose cli /usr/local/bin/node /usr/local/bin/npm
1 info using npm@11.13.0
2 info using node@v24.16.0
3 silly config load:file:/usr/local/lib/node_modules/npm/npmrc
4 silly config load:file:/Users/priya/Documents/GitHub/Andromeda/.npmrc
5 silly config load:file:/Users/priya/.npmrc
6 silly config load:file:/usr/local/etc/npmrc
7 verbose title npm install zod
8 verbose argv "install" "zod" "--cache" "./.npm_cache" "--tmp" "./.npm_tmp" "--legacy-peer-deps"
9 verbose logfile logs-max:10 dir:/Users/priya/Documents/GitHub/Andromeda/.npm_cache/_logs/2026-06-23T14_24_43_209Z-
10 verbose logfile /Users/priya/Documents/GitHub/Andromeda/.npm_cache/_logs/2026-06-23T14_24_43_209Z-debug-0.log
11 warn Unknown cli config "--tmp". This will stop working in the next major version of npm.
12 silly logfile done cleaning log files
13 silly packumentCache heap:4496293888 maxSize:1124073472 maxEntrySize:562036736
14 http fetch GET https://registry.npmjs.org/npm attempt 1 failed with ENOTFOUND
15 silly idealTree buildDeps
16 silly fetch manifest zod@*
17 silly packumentCache full:https://registry.npmjs.org/zod cache-miss
18 http fetch GET https://registry.npmjs.org/zod attempt 1 failed with ENOTFOUND
19 http fetch GET https://registry.npmjs.org/npm attempt 2 failed with ENOTFOUND
20 http fetch GET https://registry.npmjs.org/zod attempt 2 failed with ENOTFOUND
21 http fetch GET https://registry.npmjs.org/npm attempt 3 failed with ENOTFOUND
22 http fetch GET https://registry.npmjs.org/zod attempt 3 failed with ENOTFOUND
23 silly placeDep ROOT zod@ REPLACE for: my-app@0.1.0 want: *
24 verbose type system
25 verbose stack FetchError: request to https://registry.npmjs.org/zod failed, reason: getaddrinfo ENOTFOUND registry.npmjs.org
25 verbose stack     at ClientRequest.<anonymous> (/usr/local/lib/node_modules/npm/node_modules/minipass-fetch/lib/index.js:130:14)
25 verbose stack     at ClientRequest.emit (node:events:509:28)
25 verbose stack     at emitErrorEvent (node:_http_client:109:11)
25 verbose stack     at _destroy (node:_http_client:993:9)
25 verbose stack     at onSocketNT (node:_http_client:1014:5)
25 verbose stack     at process.processTicksAndRejections (node:internal/process/task_queues:91:21)
26 error code ENOTFOUND
27 error syscall getaddrinfo
28 error errno ENOTFOUND
29 error network request to https://registry.npmjs.org/zod failed, reason: getaddrinfo ENOTFOUND registry.npmjs.org
30 error network This is a problem related to network connectivity.
30 error network In most cases you are behind a proxy or have bad network settings.
30 error network
30 error network If you are behind a proxy, please make sure that the 'proxy' config is set properly.  See: 'npm help config'
31 silly unfinished npm timer reify 1782224683378
32 silly unfinished npm timer reify:loadTrees 1782224683379
33 verbose cwd /Users/priya/Documents/GitHub/Andromeda
34 verbose os Darwin 25.4.0
35 verbose node v24.16.0
36 verbose npm  v11.13.0
37 verbose exit 1
38 verbose code 1
39 error A complete log of this run can be found in: /Users/priya/Documents/GitHub/Andromeda/.npm_cache/_logs/2026-06-23T14_24_43_209Z-debug-0.log
